{"/home/travis/build/npmtest/node-npmtest-longjohn/test.js":{"path":"/home/travis/build/npmtest/node-npmtest-longjohn/test.js","s":{"1":2,"2":2,"3":2,"4":2,"5":2,"6":2,"7":2,"8":1,"9":2,"10":2,"11":1,"12":1,"13":1,"14":1,"15":2,"16":2,"17":2,"18":2,"19":1,"20":1,"21":2,"22":2,"23":2,"24":1,"25":1,"26":1,"27":1,"28":1,"29":1,"30":1,"31":1,"32":1,"33":1,"34":1,"35":1,"36":1,"37":1,"38":1,"39":2,"40":2,"41":1,"42":2,"43":2,"44":1,"45":2,"46":2,"47":1,"48":2,"49":2,"50":1,"51":1,"52":1,"53":1,"54":1},"b":{"1":[2,1,1,1],"2":[1,1,1,1],"3":[1,1],"4":[1,1],"5":[1,1],"6":[1,1],"7":[1,1],"8":[1,1],"9":[1,1],"10":[1,1,1],"11":[1,1],"12":[1,1],"13":[1,1],"14":[1,1],"15":[1,1],"16":[1,1],"17":[1,1]},"f":{"1":2,"2":2,"3":2,"4":2,"5":2,"6":1,"7":1,"8":1,"9":2,"10":2,"11":2,"12":2,"13":1},"fnMap":{"1":{"name":"(anonymous_1)","line":12,"loc":{"start":{"line":12,"column":1},"end":{"line":12,"column":13}}},"2":{"name":"(anonymous_2)","line":19,"loc":{"start":{"line":19,"column":5},"end":{"line":19,"column":17}}},"3":{"name":"(anonymous_3)","line":23,"loc":{"start":{"line":23,"column":24},"end":{"line":23,"column":36}}},"4":{"name":"(anonymous_4)","line":61,"loc":{"start":{"line":61,"column":5},"end":{"line":61,"column":17}}},"5":{"name":"(anonymous_5)","line":82,"loc":{"start":{"line":82,"column":5},"end":{"line":82,"column":17}}},"6":{"name":"(anonymous_6)","line":91,"loc":{"start":{"line":91,"column":77},"end":{"line":94,"column":10}}},"7":{"name":"(anonymous_7)","line":112,"loc":{"start":{"line":112,"column":83},"end":{"line":115,"column":10}},"skip":true},"8":{"name":"(anonymous_8)","line":123,"loc":{"start":{"line":123,"column":77},"end":{"line":126,"column":10}},"skip":true},"9":{"name":"(anonymous_9)","line":139,"loc":{"start":{"line":139,"column":12},"end":{"line":139,"column":40}},"skip":true},"10":{"name":"(anonymous_10)","line":147,"loc":{"start":{"line":147,"column":77},"end":{"line":150,"column":10}},"skip":true},"11":{"name":"(anonymous_11)","line":158,"loc":{"start":{"line":158,"column":83},"end":{"line":161,"column":10}},"skip":true},"12":{"name":"(anonymous_12)","line":169,"loc":{"start":{"line":169,"column":79},"end":{"line":172,"column":10}},"skip":true},"13":{"name":"(anonymous_13)","line":180,"loc":{"start":{"line":180,"column":75},"end":{"line":183,"column":10}},"skip":true}},"statementMap":{"1":{"start":{"line":12,"column":0},"end":{"line":195,"column":5}},"2":{"start":{"line":14,"column":4},"end":{"line":14,"column":14}},"3":{"start":{"line":19,"column":4},"end":{"line":56,"column":9}},"4":{"start":{"line":21,"column":8},"end":{"line":21,"column":19}},"5":{"start":{"line":23,"column":8},"end":{"line":35,"column":13}},"6":{"start":{"line":24,"column":12},"end":{"line":34,"column":13}},"7":{"start":{"line":25,"column":16},"end":{"line":28,"column":30}},"8":{"start":{"line":30,"column":16},"end":{"line":33,"column":27}},"9":{"start":{"line":37,"column":8},"end":{"line":39,"column":21}},"10":{"start":{"line":40,"column":8},"end":{"line":53,"column":9}},"11":{"start":{"line":43,"column":12},"end":{"line":46,"column":14}},"12":{"start":{"line":47,"column":12},"end":{"line":47,"column":18}},"13":{"start":{"line":50,"column":12},"end":{"line":51,"column":46}},"14":{"start":{"line":52,"column":12},"end":{"line":52,"column":18}},"15":{"start":{"line":55,"column":8},"end":{"line":55,"column":35}},"16":{"start":{"line":61,"column":4},"end":{"line":63,"column":9}},"17":{"start":{"line":62,"column":8},"end":{"line":62,"column":15}},"18":{"start":{"line":64,"column":4},"end":{"line":77,"column":5}},"19":{"start":{"line":70,"column":8},"end":{"line":70,"column":14}},"20":{"start":{"line":76,"column":8},"end":{"line":76,"column":14}},"21":{"start":{"line":82,"column":4},"end":{"line":84,"column":9}},"22":{"start":{"line":83,"column":8},"end":{"line":83,"column":15}},"23":{"start":{"line":85,"column":4},"end":{"line":194,"column":5}},"24":{"start":{"line":91,"column":8},"end":{"line":99,"column":10}},"25":{"start":{"line":98,"column":12},"end":{"line":98,"column":35}},"26":{"start":{"line":102,"column":8},"end":{"line":104,"column":63}},"27":{"start":{"line":105,"column":8},"end":{"line":105,"column":14}},"28":{"start":{"line":112,"column":8},"end":{"line":121,"column":10},"skip":true},"29":{"start":{"line":119,"column":12},"end":{"line":119,"column":55},"skip":true},"30":{"start":{"line":120,"column":12},"end":{"line":120,"column":48},"skip":true},"31":{"start":{"line":123,"column":8},"end":{"line":136,"column":10},"skip":true},"32":{"start":{"line":130,"column":12},"end":{"line":130,"column":76},"skip":true},"33":{"start":{"line":131,"column":12},"end":{"line":131,"column":73},"skip":true},"34":{"start":{"line":132,"column":12},"end":{"line":132,"column":74},"skip":true},"35":{"start":{"line":133,"column":12},"end":{"line":133,"column":79},"skip":true},"36":{"start":{"line":134,"column":12},"end":{"line":134,"column":25},"skip":true},"37":{"start":{"line":135,"column":12},"end":{"line":135,"column":45},"skip":true},"38":{"start":{"line":138,"column":8},"end":{"line":145,"column":14},"skip":true},"39":{"start":{"line":143,"column":16},"end":{"line":143,"column":29},"skip":true},"40":{"start":{"line":144,"column":16},"end":{"line":144,"column":55},"skip":true},"41":{"start":{"line":147,"column":8},"end":{"line":156,"column":10},"skip":true},"42":{"start":{"line":154,"column":12},"end":{"line":154,"column":25},"skip":true},"43":{"start":{"line":155,"column":12},"end":{"line":155,"column":45},"skip":true},"44":{"start":{"line":158,"column":8},"end":{"line":167,"column":10},"skip":true},"45":{"start":{"line":165,"column":12},"end":{"line":165,"column":25},"skip":true},"46":{"start":{"line":166,"column":12},"end":{"line":166,"column":48},"skip":true},"47":{"start":{"line":169,"column":8},"end":{"line":178,"column":10},"skip":true},"48":{"start":{"line":176,"column":12},"end":{"line":176,"column":25},"skip":true},"49":{"start":{"line":177,"column":12},"end":{"line":177,"column":46},"skip":true},"50":{"start":{"line":180,"column":8},"end":{"line":189,"column":10},"skip":true},"51":{"start":{"line":187,"column":12},"end":{"line":187,"column":94},"skip":true},"52":{"start":{"line":188,"column":12},"end":{"line":188,"column":48},"skip":true},"53":{"start":{"line":192,"column":8},"end":{"line":192,"column":35},"skip":true},"54":{"start":{"line":193,"column":8},"end":{"line":193,"column":14},"skip":true}},"branchMap":{"1":{"line":25,"type":"binary-expr","locations":[{"start":{"line":25,"column":23},"end":{"line":25,"column":62}},{"start":{"line":26,"column":20},"end":{"line":26,"column":70}},{"start":{"line":27,"column":20},"end":{"line":27,"column":71}},{"start":{"line":28,"column":20},"end":{"line":28,"column":29}}]},"2":{"line":30,"type":"binary-expr","locations":[{"start":{"line":30,"column":23},"end":{"line":30,"column":37}},{"start":{"line":31,"column":20},"end":{"line":31,"column":61}},{"start":{"line":32,"column":20},"end":{"line":32,"column":70}},{"start":{"line":33,"column":20},"end":{"line":33,"column":26}}]},"3":{"line":37,"type":"cond-expr","locations":[{"start":{"line":38,"column":14},"end":{"line":38,"column":20}},{"start":{"line":39,"column":14},"end":{"line":39,"column":20}}]},"4":{"line":40,"type":"switch","locations":[{"start":{"line":42,"column":8},"end":{"line":47,"column":18}},{"start":{"line":49,"column":8},"end":{"line":52,"column":18}}]},"5":{"line":44,"type":"binary-expr","locations":[{"start":{"line":44,"column":16},"end":{"line":44,"column":44}},{"start":{"line":44,"column":48},"end":{"line":44,"column":66}}]},"6":{"line":50,"type":"binary-expr","locations":[{"start":{"line":50,"column":21},"end":{"line":50,"column":49}},{"start":{"line":50,"column":53},"end":{"line":50,"column":72}}]},"7":{"line":64,"type":"switch","locations":[{"start":{"line":69,"column":4},"end":{"line":70,"column":14}},{"start":{"line":75,"column":4},"end":{"line":76,"column":14}}]},"8":{"line":85,"type":"switch","locations":[{"start":{"line":90,"column":4},"end":{"line":105,"column":14}},{"start":{"line":111,"column":4},"end":{"line":193,"column":14},"skip":true}]},"9":{"line":91,"type":"binary-expr","locations":[{"start":{"line":91,"column":42},"end":{"line":91,"column":73}},{"start":{"line":91,"column":77},"end":{"line":99,"column":9}}]},"10":{"line":102,"type":"binary-expr","locations":[{"start":{"line":102,"column":18},"end":{"line":102,"column":32}},{"start":{"line":103,"column":12},"end":{"line":103,"column":53}},{"start":{"line":104,"column":12},"end":{"line":104,"column":61}}]},"11":{"line":112,"type":"binary-expr","locations":[{"start":{"line":112,"column":45},"end":{"line":112,"column":79},"skip":true},{"start":{"line":112,"column":83},"end":{"line":121,"column":9},"skip":true}]},"12":{"line":123,"type":"binary-expr","locations":[{"start":{"line":123,"column":42},"end":{"line":123,"column":73},"skip":true},{"start":{"line":123,"column":77},"end":{"line":136,"column":9},"skip":true}]},"13":{"line":138,"type":"binary-expr","locations":[{"start":{"line":138,"column":48},"end":{"line":138,"column":85},"skip":true},{"start":{"line":139,"column":12},"end":{"line":145,"column":13},"skip":true}]},"14":{"line":147,"type":"binary-expr","locations":[{"start":{"line":147,"column":42},"end":{"line":147,"column":73},"skip":true},{"start":{"line":147,"column":77},"end":{"line":156,"column":9},"skip":true}]},"15":{"line":158,"type":"binary-expr","locations":[{"start":{"line":158,"column":45},"end":{"line":158,"column":79},"skip":true},{"start":{"line":158,"column":83},"end":{"line":167,"column":9},"skip":true}]},"16":{"line":169,"type":"binary-expr","locations":[{"start":{"line":169,"column":43},"end":{"line":169,"column":75},"skip":true},{"start":{"line":169,"column":79},"end":{"line":178,"column":9},"skip":true}]},"17":{"line":180,"type":"binary-expr","locations":[{"start":{"line":180,"column":41},"end":{"line":180,"column":71},"skip":true},{"start":{"line":180,"column":75},"end":{"line":189,"column":9},"skip":true}]}},"code":["/* istanbul instrument in package npmtest_longjohn */","/*jslint","    bitwise: true,","    browser: true,","    maxerr: 8,","    maxlen: 96,","    node: true,","    nomen: true,","    regexp: true,","    stupid: true","*/","(function () {","    'use strict';","    var local;","","","","    // run shared js-env code - pre-init","    (function () {","        // init local","        local = {};","        // init modeJs","        local.modeJs = (function () {","            try {","                return typeof navigator.userAgent === 'string' &&","                    typeof document.querySelector('body') === 'object' &&","                    typeof XMLHttpRequest.prototype.open === 'function' &&","                    'browser';","            } catch (errorCaughtBrowser) {","                return module.exports &&","                    typeof process.versions.node === 'string' &&","                    typeof require('http').createServer === 'function' &&","                    'node';","            }","        }());","        // init global","        local.global = local.modeJs === 'browser'","            ? window","            : global;","        switch (local.modeJs) {","        // re-init local from window.local","        case 'browser':","            local = local.global.utility2.objectSetDefault(","                local.global.utility2_rollup || local.global.local,","                local.global.utility2","            );","            break;","        // re-init local from example.js","        case 'node':","            local = (local.global.utility2_rollup || require('utility2'))","                .requireExampleJsFromReadme();","            break;","        }","        // export local","        local.global.local = local;","    }());","","","","    // run shared js-env code - function","    (function () {","        return;","    }());","    switch (local.modeJs) {","","","","    // run browser js-env code - function","    case 'browser':","        break;","","","","    // run node js-env code - function","    case 'node':","        break;","    }","","","","    // run shared js-env code - post-init","    (function () {","        return;","    }());","    switch (local.modeJs) {","","","","    // run browser js-env code - post-init","    case 'browser':","        local.testCase_browser_nullCase = local.testCase_browser_nullCase || function (","            options,","            onError","        ) {","        /*","         * this function will test browsers's null-case handling-behavior-behavior","         */","            onError(null, options);","        };","","        // run tests","        local.nop(local.modeTest &&","            document.querySelector('#testRunButton1') &&","            document.querySelector('#testRunButton1').click());","        break;","","","","    // run node js-env code - post-init","    /* istanbul ignore next */","    case 'node':","        local.testCase_buildApidoc_default = local.testCase_buildApidoc_default || function (","            options,","            onError","        ) {","        /*","         * this function will test buildApidoc's default handling-behavior-behavior","         */","            options = { modulePathList: module.paths };","            local.buildApidoc(options, onError);","        };","","        local.testCase_buildApp_default = local.testCase_buildApp_default || function (","            options,","            onError","        ) {","        /*","         * this function will test buildApp's default handling-behavior-behavior","         */","            local.testCase_buildReadme_default(options, local.onErrorThrow);","            local.testCase_buildLib_default(options, local.onErrorThrow);","            local.testCase_buildTest_default(options, local.onErrorThrow);","            local.testCase_buildCustomOrg_default(options, local.onErrorThrow);","            options = [];","            local.buildApp(options, onError);","        };","","        local.testCase_buildCustomOrg_default = local.testCase_buildCustomOrg_default ||","            function (options, onError) {","            /*","             * this function will test buildCustomOrg's default handling-behavior","             */","                options = {};","                local.buildCustomOrg(options, onError);","            };","","        local.testCase_buildLib_default = local.testCase_buildLib_default || function (","            options,","            onError","        ) {","        /*","         * this function will test buildLib's default handling-behavior","         */","            options = {};","            local.buildLib(options, onError);","        };","","        local.testCase_buildReadme_default = local.testCase_buildReadme_default || function (","            options,","            onError","        ) {","        /*","         * this function will test buildReadme's default handling-behavior-behavior","         */","            options = {};","            local.buildReadme(options, onError);","        };","","        local.testCase_buildTest_default = local.testCase_buildTest_default || function (","            options,","            onError","        ) {","        /*","         * this function will test buildTest's default handling-behavior","         */","            options = {};","            local.buildTest(options, onError);","        };","","        local.testCase_webpage_default = local.testCase_webpage_default || function (","            options,","            onError","        ) {","        /*","         * this function will test webpage's default handling-behavior","         */","            options = { modeCoverageMerge: true, url: local.serverLocalHost + '?modeTest=1' };","            local.browserTest(options, onError);","        };","","        // run test-server","        local.testRunServer(local);","        break;","    }","}());",""],"l":{"12":2,"14":2,"19":2,"21":2,"23":2,"24":2,"25":2,"30":1,"37":2,"40":2,"43":1,"47":1,"50":1,"52":1,"55":2,"61":2,"62":2,"64":2,"70":1,"76":1,"82":2,"83":2,"85":2,"91":1,"98":1,"102":1,"105":1,"112":1,"119":1,"120":1,"123":1,"130":1,"131":1,"132":1,"133":1,"134":1,"135":1,"138":1,"143":2,"144":2,"147":1,"154":2,"155":2,"158":1,"165":2,"166":2,"169":1,"176":2,"177":2,"180":1,"187":1,"188":1,"192":1,"193":1}},"/home/travis/build/npmtest/node-npmtest-longjohn/lib.npmtest_longjohn.js":{"path":"/home/travis/build/npmtest/node-npmtest-longjohn/lib.npmtest_longjohn.js","s":{"1":2,"2":2,"3":2,"4":2,"5":2,"6":2,"7":2,"8":1,"9":2,"10":2,"11":2,"12":2,"13":1,"14":1,"15":1,"16":1},"b":{"1":[2,1,1,1],"2":[1,1,1,1],"3":[1,1],"4":[2,2],"5":[1,1]},"f":{"1":2,"2":2,"3":2},"fnMap":{"1":{"name":"(anonymous_1)","line":12,"loc":{"start":{"line":12,"column":1},"end":{"line":12,"column":13}}},"2":{"name":"(anonymous_2)","line":19,"loc":{"start":{"line":19,"column":5},"end":{"line":19,"column":17}}},"3":{"name":"(anonymous_3)","line":23,"loc":{"start":{"line":23,"column":24},"end":{"line":23,"column":36}}}},"statementMap":{"1":{"start":{"line":12,"column":0},"end":{"line":53,"column":5}},"2":{"start":{"line":14,"column":4},"end":{"line":14,"column":14}},"3":{"start":{"line":19,"column":4},"end":{"line":52,"column":9}},"4":{"start":{"line":21,"column":8},"end":{"line":21,"column":19}},"5":{"start":{"line":23,"column":8},"end":{"line":35,"column":13}},"6":{"start":{"line":24,"column":12},"end":{"line":34,"column":13}},"7":{"start":{"line":25,"column":16},"end":{"line":28,"column":30}},"8":{"start":{"line":30,"column":16},"end":{"line":33,"column":27}},"9":{"start":{"line":37,"column":8},"end":{"line":39,"column":21}},"10":{"start":{"line":41,"column":8},"end":{"line":41,"column":54}},"11":{"start":{"line":43,"column":8},"end":{"line":43,"column":53}},"12":{"start":{"line":45,"column":8},"end":{"line":51,"column":9}},"13":{"start":{"line":46,"column":12},"end":{"line":46,"column":59}},"14":{"start":{"line":48,"column":12},"end":{"line":48,"column":35}},"15":{"start":{"line":49,"column":12},"end":{"line":49,"column":49}},"16":{"start":{"line":50,"column":12},"end":{"line":50,"column":43}}},"branchMap":{"1":{"line":25,"type":"binary-expr","locations":[{"start":{"line":25,"column":23},"end":{"line":25,"column":62}},{"start":{"line":26,"column":20},"end":{"line":26,"column":70}},{"start":{"line":27,"column":20},"end":{"line":27,"column":71}},{"start":{"line":28,"column":20},"end":{"line":28,"column":29}}]},"2":{"line":30,"type":"binary-expr","locations":[{"start":{"line":30,"column":23},"end":{"line":30,"column":37}},{"start":{"line":31,"column":20},"end":{"line":31,"column":61}},{"start":{"line":32,"column":20},"end":{"line":32,"column":70}},{"start":{"line":33,"column":20},"end":{"line":33,"column":26}}]},"3":{"line":37,"type":"cond-expr","locations":[{"start":{"line":38,"column":14},"end":{"line":38,"column":20}},{"start":{"line":39,"column":14},"end":{"line":39,"column":20}}]},"4":{"line":41,"type":"binary-expr","locations":[{"start":{"line":41,"column":16},"end":{"line":41,"column":44}},{"start":{"line":41,"column":48},"end":{"line":41,"column":53}}]},"5":{"line":45,"type":"if","locations":[{"start":{"line":45,"column":8},"end":{"line":45,"column":8}},{"start":{"line":45,"column":8},"end":{"line":45,"column":8}}]}},"code":["/* istanbul instrument in package npmtest_longjohn */","/*jslint","    bitwise: true,","    browser: true,","    maxerr: 8,","    maxlen: 96,","    node: true,","    nomen: true,","    regexp: true,","    stupid: true","*/","(function () {","    'use strict';","    var local;","","","","    // run shared js-env code - pre-init","    (function () {","        // init local","        local = {};","        // init modeJs","        local.modeJs = (function () {","            try {","                return typeof navigator.userAgent === 'string' &&","                    typeof document.querySelector('body') === 'object' &&","                    typeof XMLHttpRequest.prototype.open === 'function' &&","                    'browser';","            } catch (errorCaughtBrowser) {","                return module.exports &&","                    typeof process.versions.node === 'string' &&","                    typeof require('http').createServer === 'function' &&","                    'node';","            }","        }());","        // init global","        local.global = local.modeJs === 'browser'","            ? window","            : global;","        // init utility2_rollup","        local = local.global.utility2_rollup || local;","        // init lib","        local.local = local.npmtest_longjohn = local;","        // init exports","        if (local.modeJs === 'browser') {","            local.global.utility2_npmtest_longjohn = local;","        } else {","            module.exports = local;","            module.exports.__dirname = __dirname;","            module.exports.module = module;","        }","    }());","}());",""],"l":{"12":2,"14":2,"19":2,"21":2,"23":2,"24":2,"25":2,"30":1,"37":2,"41":2,"43":2,"45":2,"46":1,"48":1,"49":1,"50":1}},"/home/travis/build/npmtest/node-npmtest-longjohn/example.js":{"path":"/home/travis/build/npmtest/node-npmtest-longjohn/example.js","s":{"1":2,"2":2,"3":2,"4":2,"5":2,"6":2,"7":2,"8":1,"9":2,"10":2,"11":2,"12":2,"13":1,"14":2,"15":2,"16":2,"17":2,"18":2,"19":0,"20":2,"21":1,"22":1,"23":1,"24":1,"25":1,"26":0,"27":0,"28":1,"29":1,"30":2,"31":0,"32":0,"33":0,"34":1,"35":2,"36":2,"37":3,"38":3,"39":3,"40":3,"41":0,"42":3,"43":3,"44":3,"45":1,"46":3,"47":1,"48":1,"49":1,"50":1,"51":1,"52":1,"53":1,"54":1,"55":1,"56":1,"57":0,"58":1,"59":6,"60":6,"61":1,"62":2,"63":0,"64":2,"65":1,"66":1,"67":0,"68":0,"69":0,"70":0,"71":0,"72":0,"73":0,"74":0,"75":0,"76":0,"77":0,"78":0,"79":0,"80":0,"81":0,"82":0,"83":0},"b":{"1":[2,1,1,1],"2":[1,1,1,1],"3":[1,1],"4":[2,2],"5":[1,1],"6":[1,1],"7":[2,0],"8":[2,1,1,1,1,1],"9":[0,2,0],"10":[1,1],"11":[2,1,1],"12":[1,0],"13":[0,2],"14":[2,0,0,0,0,0,0],"15":[0,3],"16":[3,0],"17":[1,1],"18":[0,1],"19":[1,2,0,2],"20":[1,0],"21":[1,1],"22":[0,0],"23":[0,0],"24":[0,0],"25":[0,0],"26":[0,0],"27":[0,0],"28":[0,0]},"f":{"1":2,"2":2,"3":2,"4":2,"5":2,"6":2,"7":3,"8":3,"9":3,"10":1,"11":6,"12":0},"fnMap":{"1":{"name":"(anonymous_1)","line":26,"loc":{"start":{"line":26,"column":1},"end":{"line":26,"column":13}}},"2":{"name":"(anonymous_2)","line":33,"loc":{"start":{"line":33,"column":5},"end":{"line":33,"column":17}}},"3":{"name":"(anonymous_3)","line":37,"loc":{"start":{"line":37,"column":24},"end":{"line":37,"column":36}}},"4":{"name":"(anonymous_4)","line":69,"loc":{"start":{"line":69,"column":31},"end":{"line":69,"column":48}},"skip":true},"5":{"name":"(anonymous_5)","line":78,"loc":{"start":{"line":78,"column":26},"end":{"line":78,"column":45}},"skip":true},"6":{"name":"(anonymous_6)","line":123,"loc":{"start":{"line":123,"column":33},"end":{"line":123,"column":48}},"skip":true},"7":{"name":"(anonymous_7)","line":125,"loc":{"start":{"line":125,"column":27},"end":{"line":125,"column":39}},"skip":true},"8":{"name":"(anonymous_8)","line":133,"loc":{"start":{"line":133,"column":59},"end":{"line":133,"column":74}},"skip":true},"9":{"name":"(anonymous_9)","line":143,"loc":{"start":{"line":143,"column":45},"end":{"line":143,"column":62}},"skip":true},"10":{"name":"(anonymous_10)","line":144,"loc":{"start":{"line":144,"column":73},"end":{"line":144,"column":92}},"skip":true},"11":{"name":"(anonymous_11)","line":272,"loc":{"start":{"line":272,"column":51},"end":{"line":272,"column":77}},"skip":true},"12":{"name":"(anonymous_12)","line":315,"loc":{"start":{"line":315,"column":32},"end":{"line":315,"column":61}},"skip":true}},"statementMap":{"1":{"start":{"line":26,"column":0},"end":{"line":326,"column":5}},"2":{"start":{"line":28,"column":4},"end":{"line":28,"column":14}},"3":{"start":{"line":33,"column":4},"end":{"line":60,"column":9}},"4":{"start":{"line":35,"column":8},"end":{"line":35,"column":19}},"5":{"start":{"line":37,"column":8},"end":{"line":49,"column":13}},"6":{"start":{"line":38,"column":12},"end":{"line":48,"column":13}},"7":{"start":{"line":39,"column":16},"end":{"line":42,"column":30}},"8":{"start":{"line":44,"column":16},"end":{"line":47,"column":27}},"9":{"start":{"line":51,"column":8},"end":{"line":53,"column":21}},"10":{"start":{"line":55,"column":8},"end":{"line":57,"column":45}},"11":{"start":{"line":59,"column":8},"end":{"line":59,"column":35}},"12":{"start":{"line":61,"column":4},"end":{"line":325,"column":5}},"13":{"start":{"line":69,"column":8},"end":{"line":121,"column":10},"skip":true},"14":{"start":{"line":70,"column":12},"end":{"line":88,"column":13},"skip":true},"15":{"start":{"line":76,"column":16},"end":{"line":87,"column":19},"skip":true},"16":{"start":{"line":79,"column":20},"end":{"line":86,"column":21},"skip":true},"17":{"start":{"line":82,"column":24},"end":{"line":82,"column":43},"skip":true},"18":{"start":{"line":83,"column":24},"end":{"line":83,"column":30},"skip":true},"19":{"start":{"line":85,"column":24},"end":{"line":85,"column":49},"skip":true},"20":{"start":{"line":89,"column":12},"end":{"line":107,"column":13},"skip":true},"21":{"start":{"line":92,"column":16},"end":{"line":102,"column":17},"skip":true},"22":{"start":{"line":93,"column":20},"end":{"line":93,"column":86},"skip":true},"23":{"start":{"line":94,"column":20},"end":{"line":95,"column":45},"skip":true},"24":{"start":{"line":96,"column":20},"end":{"line":96,"column":42},"skip":true},"25":{"start":{"line":97,"column":20},"end":{"line":97,"column":48},"skip":true},"26":{"start":{"line":100,"column":20},"end":{"line":100,"column":85},"skip":true},"27":{"start":{"line":101,"column":20},"end":{"line":101,"column":96},"skip":true},"28":{"start":{"line":103,"column":16},"end":{"line":103,"column":22},"skip":true},"29":{"start":{"line":106,"column":16},"end":{"line":106,"column":22},"skip":true},"30":{"start":{"line":108,"column":12},"end":{"line":120,"column":13},"skip":true},"31":{"start":{"line":114,"column":16},"end":{"line":119,"column":17},"skip":true},"32":{"start":{"line":116,"column":20},"end":{"line":116,"column":78},"skip":true},"33":{"start":{"line":118,"column":20},"end":{"line":118,"column":47},"skip":true},"34":{"start":{"line":123,"column":8},"end":{"line":141,"column":11},"skip":true},"35":{"start":{"line":124,"column":12},"end":{"line":124,"column":54},"skip":true},"36":{"start":{"line":125,"column":12},"end":{"line":140,"column":14},"skip":true},"37":{"start":{"line":126,"column":16},"end":{"line":126,"column":28},"skip":true},"38":{"start":{"line":127,"column":16},"end":{"line":127,"column":69},"skip":true},"39":{"start":{"line":128,"column":16},"end":{"line":128,"column":75},"skip":true},"40":{"start":{"line":129,"column":16},"end":{"line":131,"column":17},"skip":true},"41":{"start":{"line":130,"column":20},"end":{"line":130,"column":27},"skip":true},"42":{"start":{"line":133,"column":16},"end":{"line":137,"column":36},"skip":true},"43":{"start":{"line":134,"column":20},"end":{"line":136,"column":55},"skip":true},"44":{"start":{"line":139,"column":16},"end":{"line":139,"column":57},"skip":true},"45":{"start":{"line":143,"column":8},"end":{"line":147,"column":11},"skip":true},"46":{"start":{"line":144,"column":12},"end":{"line":146,"column":15},"skip":true},"47":{"start":{"line":145,"column":16},"end":{"line":145,"column":70},"skip":true},"48":{"start":{"line":149,"column":8},"end":{"line":149,"column":31},"skip":true},"49":{"start":{"line":150,"column":8},"end":{"line":150,"column":14},"skip":true},"50":{"start":{"line":158,"column":8},"end":{"line":158,"column":31},"skip":true},"51":{"start":{"line":160,"column":8},"end":{"line":160,"column":33},"skip":true},"52":{"start":{"line":161,"column":8},"end":{"line":161,"column":37},"skip":true},"53":{"start":{"line":162,"column":8},"end":{"line":162,"column":35},"skip":true},"54":{"start":{"line":164,"column":8},"end":{"line":164,"column":50},"skip":true},"55":{"start":{"line":166,"column":8},"end":{"line":256,"column":2},"skip":true},"56":{"start":{"line":258,"column":8},"end":{"line":286,"column":9},"skip":true},"57":{"start":{"line":259,"column":12},"end":{"line":269,"column":14},"skip":true},"58":{"start":{"line":271,"column":12},"end":{"line":285,"column":19},"skip":true},"59":{"start":{"line":274,"column":20},"end":{"line":274,"column":35},"skip":true},"60":{"start":{"line":275,"column":20},"end":{"line":284,"column":21},"skip":true},"61":{"start":{"line":277,"column":24},"end":{"line":277,"column":64},"skip":true},"62":{"start":{"line":279,"column":24},"end":{"line":279,"column":40},"skip":true},"63":{"start":{"line":281,"column":24},"end":{"line":281,"column":40},"skip":true},"64":{"start":{"line":283,"column":24},"end":{"line":283,"column":39},"skip":true},"65":{"start":{"line":288,"column":8},"end":{"line":290,"column":9},"skip":true},"66":{"start":{"line":289,"column":12},"end":{"line":289,"column":18},"skip":true},"67":{"start":{"line":291,"column":8},"end":{"line":293,"column":54},"skip":true},"68":{"start":{"line":296,"column":8},"end":{"line":301,"column":37},"skip":true},"69":{"start":{"line":303,"column":8},"end":{"line":303,"column":82},"skip":true},"70":{"start":{"line":306,"column":8},"end":{"line":308,"column":9},"skip":true},"71":{"start":{"line":307,"column":12},"end":{"line":307,"column":82},"skip":true},"72":{"start":{"line":310,"column":8},"end":{"line":312,"column":9},"skip":true},"73":{"start":{"line":311,"column":12},"end":{"line":311,"column":18},"skip":true},"74":{"start":{"line":313,"column":8},"end":{"line":313,"column":54},"skip":true},"75":{"start":{"line":314,"column":8},"end":{"line":314,"column":69},"skip":true},"76":{"start":{"line":315,"column":8},"end":{"line":323,"column":36},"skip":true},"77":{"start":{"line":316,"column":12},"end":{"line":316,"column":61},"skip":true},"78":{"start":{"line":317,"column":12},"end":{"line":320,"column":13},"skip":true},"79":{"start":{"line":318,"column":16},"end":{"line":318,"column":75},"skip":true},"80":{"start":{"line":319,"column":16},"end":{"line":319,"column":23},"skip":true},"81":{"start":{"line":321,"column":12},"end":{"line":321,"column":38},"skip":true},"82":{"start":{"line":322,"column":12},"end":{"line":322,"column":27},"skip":true},"83":{"start":{"line":324,"column":8},"end":{"line":324,"column":14},"skip":true}},"branchMap":{"1":{"line":39,"type":"binary-expr","locations":[{"start":{"line":39,"column":23},"end":{"line":39,"column":62}},{"start":{"line":40,"column":20},"end":{"line":40,"column":70}},{"start":{"line":41,"column":20},"end":{"line":41,"column":71}},{"start":{"line":42,"column":20},"end":{"line":42,"column":29}}]},"2":{"line":44,"type":"binary-expr","locations":[{"start":{"line":44,"column":23},"end":{"line":44,"column":37}},{"start":{"line":45,"column":20},"end":{"line":45,"column":61}},{"start":{"line":46,"column":20},"end":{"line":46,"column":70}},{"start":{"line":47,"column":20},"end":{"line":47,"column":26}}]},"3":{"line":51,"type":"cond-expr","locations":[{"start":{"line":52,"column":14},"end":{"line":52,"column":20}},{"start":{"line":53,"column":14},"end":{"line":53,"column":20}}]},"4":{"line":55,"type":"binary-expr","locations":[{"start":{"line":55,"column":16},"end":{"line":55,"column":44}},{"start":{"line":55,"column":49},"end":{"line":57,"column":43}}]},"5":{"line":55,"type":"cond-expr","locations":[{"start":{"line":56,"column":14},"end":{"line":56,"column":52}},{"start":{"line":57,"column":14},"end":{"line":57,"column":43}}]},"6":{"line":61,"type":"switch","locations":[{"start":{"line":68,"column":4},"end":{"line":150,"column":14},"skip":true},{"start":{"line":156,"column":4},"end":{"line":324,"column":14},"skip":true}]},"7":{"line":70,"type":"if","locations":[{"start":{"line":70,"column":12},"end":{"line":70,"column":12},"skip":true},{"start":{"line":70,"column":12},"end":{"line":70,"column":12},"skip":true}]},"8":{"line":70,"type":"binary-expr","locations":[{"start":{"line":70,"column":16},"end":{"line":70,"column":22},"skip":true},{"start":{"line":70,"column":27},"end":{"line":70,"column":32},"skip":true},{"start":{"line":71,"column":20},"end":{"line":71,"column":39},"skip":true},{"start":{"line":72,"column":20},"end":{"line":72,"column":49},"skip":true},{"start":{"line":73,"column":20},"end":{"line":73,"column":58},"skip":true},{"start":{"line":74,"column":20},"end":{"line":74,"column":69},"skip":true}]},"9":{"line":79,"type":"switch","locations":[{"start":{"line":80,"column":20},"end":{"line":80,"column":33},"skip":true},{"start":{"line":81,"column":20},"end":{"line":83,"column":30},"skip":true},{"start":{"line":84,"column":20},"end":{"line":85,"column":49},"skip":true}]},"10":{"line":89,"type":"switch","locations":[{"start":{"line":90,"column":12},"end":{"line":103,"column":22},"skip":true},{"start":{"line":105,"column":12},"end":{"line":106,"column":22},"skip":true}]},"11":{"line":89,"type":"binary-expr","locations":[{"start":{"line":89,"column":20},"end":{"line":89,"column":25},"skip":true},{"start":{"line":89,"column":29},"end":{"line":89,"column":48},"skip":true},{"start":{"line":89,"column":52},"end":{"line":89,"column":74},"skip":true}]},"12":{"line":92,"type":"if","locations":[{"start":{"line":92,"column":16},"end":{"line":92,"column":16},"skip":true},{"start":{"line":92,"column":16},"end":{"line":92,"column":16},"skip":true}]},"13":{"line":108,"type":"if","locations":[{"start":{"line":108,"column":12},"end":{"line":108,"column":12},"skip":true},{"start":{"line":108,"column":12},"end":{"line":108,"column":12},"skip":true}]},"14":{"line":108,"type":"binary-expr","locations":[{"start":{"line":108,"column":16},"end":{"line":108,"column":61},"skip":true},{"start":{"line":108,"column":66},"end":{"line":108,"column":72},"skip":true},{"start":{"line":108,"column":77},"end":{"line":108,"column":82},"skip":true},{"start":{"line":109,"column":20},"end":{"line":109,"column":39},"skip":true},{"start":{"line":110,"column":20},"end":{"line":110,"column":49},"skip":true},{"start":{"line":111,"column":20},"end":{"line":111,"column":58},"skip":true},{"start":{"line":112,"column":20},"end":{"line":112,"column":68},"skip":true}]},"15":{"line":129,"type":"if","locations":[{"start":{"line":129,"column":16},"end":{"line":129,"column":16},"skip":true},{"start":{"line":129,"column":16},"end":{"line":129,"column":16},"skip":true}]},"16":{"line":134,"type":"cond-expr","locations":[{"start":{"line":135,"column":26},"end":{"line":135,"column":29},"skip":true},{"start":{"line":136,"column":26},"end":{"line":136,"column":54},"skip":true}]},"17":{"line":164,"type":"binary-expr","locations":[{"start":{"line":164,"column":27},"end":{"line":164,"column":43},"skip":true},{"start":{"line":164,"column":47},"end":{"line":164,"column":49},"skip":true}]},"18":{"line":258,"type":"if","locations":[{"start":{"line":258,"column":8},"end":{"line":258,"column":8},"skip":true},{"start":{"line":258,"column":8},"end":{"line":258,"column":8},"skip":true}]},"19":{"line":275,"type":"switch","locations":[{"start":{"line":276,"column":20},"end":{"line":277,"column":64},"skip":true},{"start":{"line":278,"column":20},"end":{"line":279,"column":40},"skip":true},{"start":{"line":280,"column":20},"end":{"line":281,"column":40},"skip":true},{"start":{"line":282,"column":20},"end":{"line":283,"column":39},"skip":true}]},"20":{"line":288,"type":"if","locations":[{"start":{"line":288,"column":8},"end":{"line":288,"column":8},"skip":true},{"start":{"line":288,"column":8},"end":{"line":288,"column":8},"skip":true}]},"21":{"line":288,"type":"binary-expr","locations":[{"start":{"line":288,"column":12},"end":{"line":288,"column":40},"skip":true},{"start":{"line":288,"column":44},"end":{"line":288,"column":67},"skip":true}]},"22":{"line":292,"type":"binary-expr","locations":[{"start":{"line":292,"column":12},"end":{"line":292,"column":50},"skip":true},{"start":{"line":293,"column":12},"end":{"line":293,"column":53},"skip":true}]},"23":{"line":297,"type":"binary-expr","locations":[{"start":{"line":297,"column":12},"end":{"line":297,"column":66},"skip":true},{"start":{"line":298,"column":12},"end":{"line":301,"column":36},"skip":true}]},"24":{"line":303,"type":"binary-expr","locations":[{"start":{"line":303,"column":43},"end":{"line":303,"column":75},"skip":true},{"start":{"line":303,"column":79},"end":{"line":303,"column":81},"skip":true}]},"25":{"line":306,"type":"if","locations":[{"start":{"line":306,"column":8},"end":{"line":306,"column":8},"skip":true},{"start":{"line":306,"column":8},"end":{"line":306,"column":8},"skip":true}]},"26":{"line":310,"type":"if","locations":[{"start":{"line":310,"column":8},"end":{"line":310,"column":8},"skip":true},{"start":{"line":310,"column":8},"end":{"line":310,"column":8},"skip":true}]},"27":{"line":313,"type":"binary-expr","locations":[{"start":{"line":313,"column":27},"end":{"line":313,"column":43},"skip":true},{"start":{"line":313,"column":47},"end":{"line":313,"column":53},"skip":true}]},"28":{"line":317,"type":"if","locations":[{"start":{"line":317,"column":12},"end":{"line":317,"column":12},"skip":true},{"start":{"line":317,"column":12},"end":{"line":317,"column":12},"skip":true}]}},"code":["/*","example.js","","quickstart example","","instruction","    1. save this script as example.js","    2. run the shell command:","        $ npm install npmtest-longjohn && PORT=8081 node example.js","    3. play with the browser-demo on http://127.0.0.1:8081","*/","","","","/* istanbul instrument in package npmtest_longjohn */","/*jslint","    bitwise: true,","    browser: true,","    maxerr: 8,","    maxlen: 96,","    node: true,","    nomen: true,","    regexp: true,","    stupid: true","*/","(function () {","    'use strict';","    var local;","","","","    // run shared js-env code - pre-init","    (function () {","        // init local","        local = {};","        // init modeJs","        local.modeJs = (function () {","            try {","                return typeof navigator.userAgent === 'string' &&","                    typeof document.querySelector('body') === 'object' &&","                    typeof XMLHttpRequest.prototype.open === 'function' &&","                    'browser';","            } catch (errorCaughtBrowser) {","                return module.exports &&","                    typeof process.versions.node === 'string' &&","                    typeof require('http').createServer === 'function' &&","                    'node';","            }","        }());","        // init global","        local.global = local.modeJs === 'browser'","            ? window","            : global;","        // init utility2_rollup","        local = local.global.utility2_rollup || (local.modeJs === 'browser'","            ? local.global.utility2_npmtest_longjohn","            : global.utility2_moduleExports);","        // export local","        local.global.local = local;","    }());","    switch (local.modeJs) {","","","","    // post-init","    // run browser js-env code - post-init","    /* istanbul ignore next */","    case 'browser':","        local.testRunBrowser = function (event) {","            if (!event || (event &&","                    event.currentTarget &&","                    event.currentTarget.className &&","                    event.currentTarget.className.includes &&","                    event.currentTarget.className.includes('onreset'))) {","                // reset output","                Array.from(","                    document.querySelectorAll('body > .resettable')","                ).forEach(function (element) {","                    switch (element.tagName) {","                    case 'INPUT':","                    case 'TEXTAREA':","                        element.value = '';","                        break;","                    default:","                        element.textContent = '';","                    }","                });","            }","            switch (event && event.currentTarget && event.currentTarget.id) {","            case 'testRunButton1':","                // show tests","                if (document.querySelector('#testReportDiv1').style.display === 'none') {","                    document.querySelector('#testReportDiv1').style.display = 'block';","                    document.querySelector('#testRunButton1').textContent =","                        'hide internal test';","                    local.modeTest = true;","                    local.testRunDefault(local);","                // hide tests","                } else {","                    document.querySelector('#testReportDiv1').style.display = 'none';","                    document.querySelector('#testRunButton1').textContent = 'run internal test';","                }","                break;","            // custom-case","            default:","                break;","            }","            if (document.querySelector('#inputTextareaEval1') && (!event || (event &&","                    event.currentTarget &&","                    event.currentTarget.className &&","                    event.currentTarget.className.includes &&","                    event.currentTarget.className.includes('oneval')))) {","                // try to eval input-code","                try {","                    /*jslint evil: true*/","                    eval(document.querySelector('#inputTextareaEval1').value);","                } catch (errorCaught) {","                    console.error(errorCaught);","                }","            }","        };","        // log stderr and stdout to #outputTextareaStdout1","        ['error', 'log'].forEach(function (key) {","            console[key + '_original'] = console[key];","            console[key] = function () {","                var element;","                console[key + '_original'].apply(console, arguments);","                element = document.querySelector('#outputTextareaStdout1');","                if (!element) {","                    return;","                }","                // append text to #outputTextareaStdout1","                element.value += Array.from(arguments).map(function (arg) {","                    return typeof arg === 'string'","                        ? arg","                        : JSON.stringify(arg, null, 4);","                }).join(' ') + '\\n';","                // scroll textarea to bottom","                element.scrollTop = element.scrollHeight;","            };","        });","        // init event-handling","        ['change', 'click', 'keyup'].forEach(function (event) {","            Array.from(document.querySelectorAll('.on' + event)).forEach(function (element) {","                element.addEventListener(event, local.testRunBrowser);","            });","        });","        // run tests","        local.testRunBrowser();","        break;","","","","    // run node js-env code - post-init","    /* istanbul ignore next */","    case 'node':","        // export local","        module.exports = local;","        // require modules","        local.fs = require('fs');","        local.http = require('http');","        local.url = require('url');","        // init assets","        local.assetsDict = local.assetsDict || {};","        /* jslint-ignore-begin */","        local.assetsDict['/assets.index.template.html'] = '\\","<!doctype html>\\n\\","<html lang=\"en\">\\n\\","<head>\\n\\","<meta charset=\"UTF-8\">\\n\\","<meta name=\"viewport\" content=\"width=device-width, initial-scale=1\">\\n\\","<title>{{env.npm_package_name}} (v{{env.npm_package_version}})</title>\\n\\","<style>\\n\\","/*csslint\\n\\","    box-sizing: false,\\n\\","    universal-selector: false\\n\\","*/\\n\\","* {\\n\\","    box-sizing: border-box;\\n\\","}\\n\\","body {\\n\\","    background: #dde;\\n\\","    font-family: Arial, Helvetica, sans-serif;\\n\\","    margin: 2rem;\\n\\","}\\n\\","body > * {\\n\\","    margin-bottom: 1rem;\\n\\","}\\n\\",".utility2FooterDiv {\\n\\","    margin-top: 20px;\\n\\","    text-align: center;\\n\\","}\\n\\","</style>\\n\\","<style>\\n\\","/*csslint\\n\\","*/\\n\\","textarea {\\n\\","    font-family: monospace;\\n\\","    height: 10rem;\\n\\","    width: 100%;\\n\\","}\\n\\","textarea[readonly] {\\n\\","    background: #ddd;\\n\\","}\\n\\","</style>\\n\\","</head>\\n\\","<body>\\n\\","<!-- utility2-comment\\n\\","<div id=\"ajaxProgressDiv1\" style=\"background: #d00; height: 2px; left: 0; margin: 0; padding: 0; position: fixed; top: 0; transition: background 0.5s, width 1.5s; width: 25%;\"></div>\\n\\","utility2-comment -->\\n\\","<h1>\\n\\","<!-- utility2-comment\\n\\","    <a\\n\\","        {{#if env.npm_package_homepage}}\\n\\","        href=\"{{env.npm_package_homepage}}\"\\n\\","        {{/if env.npm_package_homepage}}\\n\\","        target=\"_blank\"\\n\\","    >\\n\\","utility2-comment -->\\n\\","        {{env.npm_package_name}} (v{{env.npm_package_version}})\\n\\","<!-- utility2-comment\\n\\","    </a>\\n\\","utility2-comment -->\\n\\","</h1>\\n\\","<h3>{{env.npm_package_description}}</h3>\\n\\","<!-- utility2-comment\\n\\","<h4><a download href=\"assets.app.js\">download standalone app</a></h4>\\n\\","<button class=\"onclick onreset\" id=\"testRunButton1\">run internal test</button><br>\\n\\","<div id=\"testReportDiv1\" style=\"display: none;\"></div>\\n\\","utility2-comment -->\\n\\","\\n\\","\\n\\","\\n\\","<label>stderr and stdout</label>\\n\\","<textarea class=\"resettable\" id=\"outputTextareaStdout1\" readonly></textarea>\\n\\","<!-- utility2-comment\\n\\","{{#if isRollup}}\\n\\","<script src=\"assets.app.js\"></script>\\n\\","{{#unless isRollup}}\\n\\","utility2-comment -->\\n\\","<script src=\"assets.utility2.rollup.js\"></script>\\n\\","<script src=\"jsonp.utility2._stateInit?callback=window.utility2._stateInit\"></script>\\n\\","<script src=\"assets.npmtest_longjohn.rollup.js\"></script>\\n\\","<script src=\"assets.example.js\"></script>\\n\\","<script src=\"assets.test.js\"></script>\\n\\","<!-- utility2-comment\\n\\","{{/if isRollup}}\\n\\","utility2-comment -->\\n\\","<div class=\"utility2FooterDiv\">\\n\\","    [ this app was created with\\n\\","    <a href=\"https://github.com/kaizhu256/node-utility2\" target=\"_blank\">utility2</a>\\n\\","    ]\\n\\","</div>\\n\\","</body>\\n\\","</html>\\n\\","';","        /* jslint-ignore-end */","        if (local.templateRender) {","            local.assetsDict['/'] = local.templateRender(","                local.assetsDict['/assets.index.template.html'],","                {","                    env: local.objectSetDefault(local.env, {","                        npm_package_description: 'the greatest app in the world!',","                        npm_package_name: 'my-app',","                        npm_package_nameAlias: 'my_app',","                        npm_package_version: '0.0.1'","                    })","                }","            );","        } else {","            local.assetsDict['/'] = local.assetsDict['/assets.index.template.html']","                .replace((/\\{\\{env\\.(\\w+?)\\}\\}/g), function (match0, match1) {","                    // jslint-hack","                    String(match0);","                    switch (match1) {","                    case 'npm_package_description':","                        return 'the greatest app in the world!';","                    case 'npm_package_name':","                        return 'my-app';","                    case 'npm_package_nameAlias':","                        return 'my_app';","                    case 'npm_package_version':","                        return '0.0.1';","                    }","                });","        }","        // run the cli","        if (local.global.utility2_rollup || module !== require.main) {","            break;","        }","        local.assetsDict['/assets.example.js'] =","            local.assetsDict['/assets.example.js'] ||","            local.fs.readFileSync(__filename, 'utf8');","        // bug-workaround - long $npm_package_buildCustomOrg","        /* jslint-ignore-begin */","        local.assetsDict['/assets.npmtest_longjohn.rollup.js'] =","            local.assetsDict['/assets.npmtest_longjohn.rollup.js'] ||","            local.fs.readFileSync(","                local.npmtest_longjohn.__dirname + '/lib.npmtest_longjohn.js',","                'utf8'","            ).replace((/^#!/), '//');","        /* jslint-ignore-end */","        local.assetsDict['/favicon.ico'] = local.assetsDict['/favicon.ico'] || '';","        // if $npm_config_timeout_exit exists,","        // then exit this process after $npm_config_timeout_exit ms","        if (Number(process.env.npm_config_timeout_exit)) {","            setTimeout(process.exit, Number(process.env.npm_config_timeout_exit));","        }","        // start server","        if (local.global.utility2_serverHttp1) {","            break;","        }","        process.env.PORT = process.env.PORT || '8081';","        console.error('server starting on port ' + process.env.PORT);","        local.http.createServer(function (request, response) {","            request.urlParsed = local.url.parse(request.url);","            if (local.assetsDict[request.urlParsed.pathname] !== undefined) {","                response.end(local.assetsDict[request.urlParsed.pathname]);","                return;","            }","            response.statusCode = 404;","            response.end();","        }).listen(process.env.PORT);","        break;","    }","}());",""],"l":{"26":2,"28":2,"33":2,"35":2,"37":2,"38":2,"39":2,"44":1,"51":2,"55":2,"59":2,"61":2,"69":1,"70":2,"76":2,"79":2,"82":2,"83":2,"85":1,"89":2,"92":1,"93":1,"94":1,"96":1,"97":1,"100":1,"101":1,"103":1,"106":1,"108":2,"114":1,"116":1,"118":1,"123":1,"124":2,"125":2,"126":3,"127":3,"128":3,"129":3,"130":1,"133":3,"134":3,"139":3,"143":1,"144":3,"145":1,"149":1,"150":1,"158":1,"160":1,"161":1,"162":1,"164":1,"166":1,"258":1,"259":1,"271":1,"274":6,"275":6,"277":1,"279":2,"281":1,"283":2,"288":1,"289":1,"291":1,"296":1,"303":1,"306":1,"307":1,"310":1,"311":1,"313":1,"314":1,"315":1,"316":1,"317":1,"318":1,"319":1,"321":1,"322":1,"324":1}},"/home/travis/build/npmtest/node-npmtest-longjohn/node_modules/longjohn/dist/longjohn.js":{"path":"/home/travis/build/npmtest/node-npmtest-longjohn/node_modules/longjohn/dist/longjohn.js","s":{"1":1,"2":1,"3":1,"4":1,"5":0,"6":1,"7":1,"8":1,"9":1,"10":1,"11":1,"12":1,"13":1,"14":0,"15":0,"16":0,"17":0,"18":0,"19":0,"20":0,"21":0,"22":0,"23":0,"24":0,"25":0,"26":1,"27":0,"28":0,"29":0,"30":0,"31":0,"32":0,"33":0,"34":0,"35":0,"36":0,"37":0,"38":0,"39":0,"40":0,"41":0,"42":1,"43":839,"44":8,"45":831,"46":1,"47":81,"48":81,"49":81,"50":81,"51":0,"52":0,"53":81,"54":81,"55":1,"56":6,"57":8,"58":0,"59":0,"60":0,"61":0,"62":0,"63":0,"64":1,"65":87,"66":87,"67":87,"68":85,"69":807,"70":85,"71":81,"72":85,"73":6,"74":6,"75":6,"76":6,"77":87,"78":87,"79":6,"80":81,"81":1,"82":815,"83":815,"84":0,"85":815,"86":815,"87":815,"88":1427,"89":1427,"90":815,"91":12,"92":1,"93":1,"94":815,"95":815,"96":815,"97":815,"98":815,"99":815,"100":815,"101":815,"102":815,"103":815,"104":815,"105":0,"106":815,"107":815,"108":815,"109":815,"110":815,"111":674,"112":674,"113":674,"114":674,"115":674,"116":0,"117":0,"118":0,"119":674,"120":815,"121":815,"122":1,"123":1,"124":1,"125":1,"126":0,"127":0,"128":0,"129":0,"130":1,"131":477,"132":477,"133":477,"134":151,"135":151,"136":121,"137":121,"138":121,"139":121,"140":121,"141":151,"142":326,"143":477,"144":477,"145":1,"146":0,"147":0,"148":0,"149":0,"150":0,"151":0,"152":0,"153":0,"154":0,"155":1,"156":1,"157":1,"158":338,"159":338,"160":338,"161":338,"162":1,"163":1,"164":0,"165":0,"166":0,"167":0,"168":1,"169":1,"170":1,"171":0,"172":0,"173":0,"174":0,"175":1,"176":0,"177":0,"178":0,"179":0,"180":1,"181":1,"182":1,"183":0,"184":0,"185":0,"186":0,"187":1,"188":1,"189":0},"b":{"1":[0,1],"2":[1,0],"3":[0,0],"4":[0,0],"5":[0,0],"6":[0,0],"7":[0,0],"8":[0,0],"9":[0,0],"10":[0,0],"11":[0,0],"12":[0,0],"13":[0,0],"14":[0,0],"15":[0,0],"16":[8,831],"17":[85,2],"18":[81,4],"19":[85,83],"20":[6,79],"21":[6,0],"22":[6,0],"23":[6,81],"24":[0,815],"25":[2242,1439],"26":[12,803],"27":[815,0],"28":[312,503],"29":[151,326],"30":[121,0],"31":[0,0],"32":[1,0],"33":[0,1]},"f":{"1":1,"2":0,"3":0,"4":839,"5":81,"6":6,"7":8,"8":0,"9":0,"10":0,"11":0,"12":0,"13":0,"14":87,"15":807,"16":815,"17":815,"18":815,"19":674,"20":0,"21":477,"22":121,"23":0,"24":338,"25":0,"26":0,"27":0,"28":0},"fnMap":{"1":{"name":"(anonymous_1)","line":1,"loc":{"start":{"line":1,"column":1},"end":{"line":1,"column":12}}},"2":{"name":"(anonymous_2)","line":24,"loc":{"start":{"line":24,"column":20},"end":{"line":24,"column":36}}},"3":{"name":"(anonymous_3)","line":41,"loc":{"start":{"line":41,"column":18},"end":{"line":41,"column":34}}},"4":{"name":"(anonymous_4)","line":64,"loc":{"start":{"line":64,"column":31},"end":{"line":64,"column":47}}},"5":{"name":"(anonymous_5)","line":71,"loc":{"start":{"line":71,"column":25},"end":{"line":71,"column":47}}},"6":{"name":"(anonymous_6)","line":84,"loc":{"start":{"line":84,"column":20},"end":{"line":84,"column":39}}},"7":{"name":"(anonymous_7)","line":86,"loc":{"start":{"line":86,"column":19},"end":{"line":86,"column":30}}},"8":{"name":"(anonymous_8)","line":89,"loc":{"start":{"line":89,"column":21},"end":{"line":89,"column":32}}},"9":{"name":"(anonymous_9)","line":92,"loc":{"start":{"line":92,"column":23},"end":{"line":92,"column":34}}},"10":{"name":"(anonymous_10)","line":95,"loc":{"start":{"line":95,"column":19},"end":{"line":95,"column":30}}},"11":{"name":"(anonymous_11)","line":98,"loc":{"start":{"line":98,"column":21},"end":{"line":98,"column":32}}},"12":{"name":"(anonymous_12)","line":101,"loc":{"start":{"line":101,"column":23},"end":{"line":101,"column":34}}},"13":{"name":"(anonymous_13)","line":104,"loc":{"start":{"line":104,"column":16},"end":{"line":104,"column":27}}},"14":{"name":"(anonymous_14)","line":110,"loc":{"start":{"line":110,"column":22},"end":{"line":110,"column":62}}},"15":{"name":"(anonymous_15)","line":118,"loc":{"start":{"line":118,"column":45},"end":{"line":118,"column":57}}},"16":{"name":"(anonymous_16)","line":145,"loc":{"start":{"line":145,"column":17},"end":{"line":145,"column":33}}},"17":{"name":"(anonymous_17)","line":163,"loc":{"start":{"line":163,"column":18},"end":{"line":163,"column":47}}},"18":{"name":"(anonymous_18)","line":166,"loc":{"start":{"line":166,"column":30},"end":{"line":166,"column":49}}},"19":{"name":"(anonymous_19)","line":183,"loc":{"start":{"line":183,"column":19},"end":{"line":183,"column":30}}},"20":{"name":"(anonymous_20)","line":207,"loc":{"start":{"line":207,"column":39},"end":{"line":207,"column":65}}},"21":{"name":"(anonymous_21)","line":214,"loc":{"start":{"line":214,"column":30},"end":{"line":214,"column":56}}},"22":{"name":"(anonymous_22)","line":219,"loc":{"start":{"line":219,"column":10},"end":{"line":219,"column":21}}},"23":{"name":"(anonymous_23)","line":235,"loc":{"start":{"line":235,"column":37},"end":{"line":235,"column":53}}},"24":{"name":"(anonymous_24)","line":259,"loc":{"start":{"line":259,"column":21},"end":{"line":259,"column":40}}},"25":{"name":"(anonymous_25)","line":268,"loc":{"start":{"line":268,"column":28},"end":{"line":268,"column":47}}},"26":{"name":"(anonymous_26)","line":279,"loc":{"start":{"line":279,"column":22},"end":{"line":279,"column":41}}},"27":{"name":"(anonymous_27)","line":286,"loc":{"start":{"line":286,"column":23},"end":{"line":286,"column":42}}},"28":{"name":"(anonymous_28)","line":295,"loc":{"start":{"line":295,"column":26},"end":{"line":295,"column":45}}}},"statementMap":{"1":{"start":{"line":1,"column":0},"end":{"line":309,"column":14}},"2":{"start":{"line":2,"column":2},"end":{"line":2,"column":289}},"3":{"start":{"line":4,"column":2},"end":{"line":4,"column":48}},"4":{"start":{"line":6,"column":2},"end":{"line":8,"column":3}},"5":{"start":{"line":7,"column":4},"end":{"line":7,"column":66}},"6":{"start":{"line":10,"column":2},"end":{"line":10,"column":45}},"7":{"start":{"line":12,"column":2},"end":{"line":12,"column":23}},"8":{"start":{"line":14,"column":2},"end":{"line":14,"column":24}},"9":{"start":{"line":16,"column":2},"end":{"line":16,"column":29}},"10":{"start":{"line":18,"column":2},"end":{"line":18,"column":17}},"11":{"start":{"line":20,"column":2},"end":{"line":20,"column":72}},"12":{"start":{"line":22,"column":2},"end":{"line":22,"column":33}},"13":{"start":{"line":24,"column":2},"end":{"line":39,"column":4}},"14":{"start":{"line":25,"column":4},"end":{"line":25,"column":27}},"15":{"start":{"line":26,"column":4},"end":{"line":28,"column":5}},"16":{"start":{"line":27,"column":6},"end":{"line":27,"column":22}},"17":{"start":{"line":29,"column":4},"end":{"line":31,"column":5}},"18":{"start":{"line":30,"column":6},"end":{"line":30,"column":48}},"19":{"start":{"line":32,"column":4},"end":{"line":32,"column":31}},"20":{"start":{"line":33,"column":4},"end":{"line":33,"column":48}},"21":{"start":{"line":34,"column":4},"end":{"line":34,"column":33}},"22":{"start":{"line":35,"column":4},"end":{"line":35,"column":37}},"23":{"start":{"line":36,"column":4},"end":{"line":36,"column":48}},"24":{"start":{"line":37,"column":4},"end":{"line":37,"column":42}},"25":{"start":{"line":38,"column":4},"end":{"line":38,"column":32}},"26":{"start":{"line":41,"column":2},"end":{"line":62,"column":4}},"27":{"start":{"line":42,"column":4},"end":{"line":42,"column":36}},"28":{"start":{"line":43,"column":4},"end":{"line":43,"column":44}},"29":{"start":{"line":44,"column":4},"end":{"line":54,"column":5}},"30":{"start":{"line":45,"column":6},"end":{"line":45,"column":37}},"31":{"start":{"line":46,"column":6},"end":{"line":46,"column":33}},"32":{"start":{"line":47,"column":6},"end":{"line":49,"column":7}},"33":{"start":{"line":48,"column":8},"end":{"line":48,"column":75}},"34":{"start":{"line":50,"column":6},"end":{"line":52,"column":7}},"35":{"start":{"line":51,"column":8},"end":{"line":51,"column":47}},"36":{"start":{"line":53,"column":6},"end":{"line":53,"column":63}},"37":{"start":{"line":55,"column":4},"end":{"line":57,"column":5}},"38":{"start":{"line":56,"column":6},"end":{"line":56,"column":78}},"39":{"start":{"line":58,"column":4},"end":{"line":60,"column":5}},"40":{"start":{"line":59,"column":6},"end":{"line":59,"column":27}},"41":{"start":{"line":61,"column":4},"end":{"line":61,"column":16}},"42":{"start":{"line":64,"column":2},"end":{"line":69,"column":4}},"43":{"start":{"line":65,"column":4},"end":{"line":67,"column":5}},"44":{"start":{"line":66,"column":6},"end":{"line":66,"column":33}},"45":{"start":{"line":68,"column":4},"end":{"line":68,"column":54}},"46":{"start":{"line":71,"column":2},"end":{"line":82,"column":4}},"47":{"start":{"line":72,"column":4},"end":{"line":72,"column":17}},"48":{"start":{"line":73,"column":4},"end":{"line":73,"column":15}},"49":{"start":{"line":74,"column":4},"end":{"line":79,"column":5}},"50":{"start":{"line":75,"column":6},"end":{"line":75,"column":33}},"51":{"start":{"line":77,"column":6},"end":{"line":77,"column":17}},"52":{"start":{"line":78,"column":6},"end":{"line":78,"column":92}},"53":{"start":{"line":80,"column":4},"end":{"line":80,"column":68}},"54":{"start":{"line":81,"column":4},"end":{"line":81,"column":28}},"55":{"start":{"line":84,"column":2},"end":{"line":108,"column":4}},"56":{"start":{"line":85,"column":4},"end":{"line":107,"column":7}},"57":{"start":{"line":87,"column":8},"end":{"line":87,"column":24}},"58":{"start":{"line":90,"column":8},"end":{"line":90,"column":20}},"59":{"start":{"line":93,"column":8},"end":{"line":93,"column":20}},"60":{"start":{"line":96,"column":8},"end":{"line":96,"column":20}},"61":{"start":{"line":99,"column":8},"end":{"line":99,"column":20}},"62":{"start":{"line":102,"column":8},"end":{"line":102,"column":20}},"63":{"start":{"line":105,"column":8},"end":{"line":105,"column":20}},"64":{"start":{"line":110,"column":2},"end":{"line":143,"column":4}},"65":{"start":{"line":111,"column":4},"end":{"line":111,"column":30}},"66":{"start":{"line":112,"column":4},"end":{"line":112,"column":17}},"67":{"start":{"line":113,"column":4},"end":{"line":137,"column":5}},"68":{"start":{"line":114,"column":6},"end":{"line":121,"column":9}},"69":{"start":{"line":119,"column":10},"end":{"line":119,"column":46}},"70":{"start":{"line":122,"column":6},"end":{"line":129,"column":7}},"71":{"start":{"line":123,"column":8},"end":{"line":128,"column":11}},"72":{"start":{"line":130,"column":6},"end":{"line":136,"column":7}},"73":{"start":{"line":131,"column":8},"end":{"line":131,"column":93}},"74":{"start":{"line":132,"column":8},"end":{"line":135,"column":9}},"75":{"start":{"line":133,"column":10},"end":{"line":133,"column":76}},"76":{"start":{"line":134,"column":10},"end":{"line":134,"column":77}},"77":{"start":{"line":138,"column":4},"end":{"line":138,"column":17}},"78":{"start":{"line":139,"column":4},"end":{"line":141,"column":5}},"79":{"start":{"line":140,"column":6},"end":{"line":140,"column":36}},"80":{"start":{"line":142,"column":4},"end":{"line":142,"column":63}},"81":{"start":{"line":145,"column":2},"end":{"line":159,"column":4}},"82":{"start":{"line":146,"column":4},"end":{"line":146,"column":24}},"83":{"start":{"line":147,"column":4},"end":{"line":149,"column":5}},"84":{"start":{"line":148,"column":6},"end":{"line":148,"column":13}},"85":{"start":{"line":150,"column":4},"end":{"line":150,"column":42}},"86":{"start":{"line":151,"column":4},"end":{"line":151,"column":21}},"87":{"start":{"line":152,"column":4},"end":{"line":155,"column":5}},"88":{"start":{"line":153,"column":6},"end":{"line":153,"column":39}},"89":{"start":{"line":154,"column":6},"end":{"line":154,"column":14}},"90":{"start":{"line":156,"column":4},"end":{"line":158,"column":5}},"91":{"start":{"line":157,"column":6},"end":{"line":157,"column":42}},"92":{"start":{"line":161,"column":2},"end":{"line":161,"column":15}},"93":{"start":{"line":163,"column":2},"end":{"line":199,"column":4}},"94":{"start":{"line":164,"column":4},"end":{"line":164,"column":40}},"95":{"start":{"line":165,"column":4},"end":{"line":165,"column":35}},"96":{"start":{"line":166,"column":4},"end":{"line":168,"column":6}},"97":{"start":{"line":167,"column":6},"end":{"line":167,"column":19}},"98":{"start":{"line":169,"column":4},"end":{"line":169,"column":30}},"99":{"start":{"line":170,"column":4},"end":{"line":170,"column":59}},"100":{"start":{"line":171,"column":4},"end":{"line":171,"column":46}},"101":{"start":{"line":172,"column":4},"end":{"line":172,"column":35}},"102":{"start":{"line":173,"column":4},"end":{"line":173,"column":32}},"103":{"start":{"line":174,"column":4},"end":{"line":178,"column":5}},"104":{"start":{"line":175,"column":6},"end":{"line":175,"column":174}},"105":{"start":{"line":177,"column":6},"end":{"line":177,"column":55}},"106":{"start":{"line":179,"column":4},"end":{"line":179,"column":40}},"107":{"start":{"line":180,"column":4},"end":{"line":180,"column":51}},"108":{"start":{"line":181,"column":4},"end":{"line":181,"column":108}},"109":{"start":{"line":182,"column":4},"end":{"line":182,"column":30}},"110":{"start":{"line":183,"column":4},"end":{"line":196,"column":6}},"111":{"start":{"line":184,"column":6},"end":{"line":184,"column":12}},"112":{"start":{"line":185,"column":6},"end":{"line":185,"column":40}},"113":{"start":{"line":186,"column":6},"end":{"line":186,"column":25}},"114":{"start":{"line":187,"column":6},"end":{"line":195,"column":7}},"115":{"start":{"line":188,"column":8},"end":{"line":188,"column":47}},"116":{"start":{"line":190,"column":8},"end":{"line":190,"column":19}},"117":{"start":{"line":191,"column":8},"end":{"line":191,"column":16}},"118":{"start":{"line":192,"column":8},"end":{"line":192,"column":16}},"119":{"start":{"line":194,"column":8},"end":{"line":194,"column":35}},"120":{"start":{"line":197,"column":4},"end":{"line":197,"column":37}},"121":{"start":{"line":198,"column":4},"end":{"line":198,"column":24}},"122":{"start":{"line":201,"column":2},"end":{"line":201,"column":34}},"123":{"start":{"line":203,"column":2},"end":{"line":203,"column":52}},"124":{"start":{"line":205,"column":2},"end":{"line":205,"column":48}},"125":{"start":{"line":207,"column":2},"end":{"line":212,"column":4}},"126":{"start":{"line":208,"column":4},"end":{"line":208,"column":13}},"127":{"start":{"line":209,"column":4},"end":{"line":209,"column":49}},"128":{"start":{"line":210,"column":4},"end":{"line":210,"column":66}},"129":{"start":{"line":211,"column":4},"end":{"line":211,"column":42}},"130":{"start":{"line":214,"column":2},"end":{"line":233,"column":4}},"131":{"start":{"line":215,"column":4},"end":{"line":215,"column":22}},"132":{"start":{"line":216,"column":4},"end":{"line":216,"column":49}},"133":{"start":{"line":217,"column":4},"end":{"line":230,"column":5}},"134":{"start":{"line":218,"column":6},"end":{"line":218,"column":67}},"135":{"start":{"line":219,"column":6},"end":{"line":226,"column":8}},"136":{"start":{"line":220,"column":8},"end":{"line":220,"column":18}},"137":{"start":{"line":221,"column":8},"end":{"line":221,"column":38}},"138":{"start":{"line":222,"column":8},"end":{"line":225,"column":9}},"139":{"start":{"line":223,"column":10},"end":{"line":223,"column":23}},"140":{"start":{"line":224,"column":10},"end":{"line":224,"column":45}},"141":{"start":{"line":227,"column":6},"end":{"line":227,"column":37}},"142":{"start":{"line":229,"column":6},"end":{"line":229,"column":53}},"143":{"start":{"line":231,"column":4},"end":{"line":231,"column":16}},"144":{"start":{"line":232,"column":4},"end":{"line":232,"column":33}},"145":{"start":{"line":235,"column":2},"end":{"line":248,"column":4}},"146":{"start":{"line":236,"column":4},"end":{"line":236,"column":42}},"147":{"start":{"line":237,"column":4},"end":{"line":237,"column":45}},"148":{"start":{"line":238,"column":4},"end":{"line":238,"column":19}},"149":{"start":{"line":239,"column":4},"end":{"line":246,"column":5}},"150":{"start":{"line":240,"column":6},"end":{"line":240,"column":24}},"151":{"start":{"line":241,"column":6},"end":{"line":245,"column":7}},"152":{"start":{"line":242,"column":8},"end":{"line":242,"column":35}},"153":{"start":{"line":244,"column":8},"end":{"line":244,"column":26}},"154":{"start":{"line":247,"column":4},"end":{"line":247,"column":21}},"155":{"start":{"line":250,"column":2},"end":{"line":255,"column":5}},"156":{"start":{"line":257,"column":2},"end":{"line":257,"column":31}},"157":{"start":{"line":259,"column":2},"end":{"line":264,"column":4}},"158":{"start":{"line":260,"column":4},"end":{"line":260,"column":13}},"159":{"start":{"line":261,"column":4},"end":{"line":261,"column":49}},"160":{"start":{"line":262,"column":4},"end":{"line":262,"column":58}},"161":{"start":{"line":263,"column":4},"end":{"line":263,"column":39}},"162":{"start":{"line":266,"column":2},"end":{"line":266,"column":45}},"163":{"start":{"line":268,"column":2},"end":{"line":273,"column":4}},"164":{"start":{"line":269,"column":4},"end":{"line":269,"column":13}},"165":{"start":{"line":270,"column":4},"end":{"line":270,"column":49}},"166":{"start":{"line":271,"column":4},"end":{"line":271,"column":64}},"167":{"start":{"line":272,"column":4},"end":{"line":272,"column":46}},"168":{"start":{"line":275,"column":2},"end":{"line":275,"column":34}},"169":{"start":{"line":277,"column":2},"end":{"line":277,"column":36}},"170":{"start":{"line":279,"column":2},"end":{"line":284,"column":4}},"171":{"start":{"line":280,"column":4},"end":{"line":280,"column":13}},"172":{"start":{"line":281,"column":4},"end":{"line":281,"column":49}},"173":{"start":{"line":282,"column":4},"end":{"line":282,"column":59}},"174":{"start":{"line":283,"column":4},"end":{"line":283,"column":41}},"175":{"start":{"line":286,"column":2},"end":{"line":291,"column":4}},"176":{"start":{"line":287,"column":4},"end":{"line":287,"column":13}},"177":{"start":{"line":288,"column":4},"end":{"line":288,"column":49}},"178":{"start":{"line":289,"column":4},"end":{"line":289,"column":60}},"179":{"start":{"line":290,"column":4},"end":{"line":290,"column":42}},"180":{"start":{"line":293,"column":2},"end":{"line":301,"column":3}},"181":{"start":{"line":294,"column":4},"end":{"line":294,"column":40}},"182":{"start":{"line":295,"column":4},"end":{"line":300,"column":6}},"183":{"start":{"line":296,"column":6},"end":{"line":296,"column":15}},"184":{"start":{"line":297,"column":6},"end":{"line":297,"column":51}},"185":{"start":{"line":298,"column":6},"end":{"line":298,"column":63}},"186":{"start":{"line":299,"column":6},"end":{"line":299,"column":45}},"187":{"start":{"line":303,"column":2},"end":{"line":303,"column":46}},"188":{"start":{"line":305,"column":2},"end":{"line":307,"column":3}},"189":{"start":{"line":306,"column":4},"end":{"line":306,"column":179}}},"branchMap":{"1":{"line":6,"type":"if","locations":[{"start":{"line":6,"column":2},"end":{"line":6,"column":2}},{"start":{"line":6,"column":2},"end":{"line":6,"column":2}}]},"2":{"line":6,"type":"cond-expr","locations":[{"start":{"line":6,"column":51},"end":{"line":6,"column":67}},{"start":{"line":6,"column":70},"end":{"line":6,"column":76}}]},"3":{"line":26,"type":"if","locations":[{"start":{"line":26,"column":4},"end":{"line":26,"column":4}},{"start":{"line":26,"column":4},"end":{"line":26,"column":4}}]},"4":{"line":29,"type":"if","locations":[{"start":{"line":29,"column":4},"end":{"line":29,"column":4}},{"start":{"line":29,"column":4},"end":{"line":29,"column":4}}]},"5":{"line":33,"type":"binary-expr","locations":[{"start":{"line":33,"column":11},"end":{"line":33,"column":30}},{"start":{"line":33,"column":34},"end":{"line":33,"column":47}}]},"6":{"line":36,"type":"cond-expr","locations":[{"start":{"line":36,"column":30},"end":{"line":36,"column":42}},{"start":{"line":36,"column":45},"end":{"line":36,"column":47}}]},"7":{"line":37,"type":"cond-expr","locations":[{"start":{"line":37,"column":26},"end":{"line":37,"column":36}},{"start":{"line":37,"column":39},"end":{"line":37,"column":41}}]},"8":{"line":44,"type":"if","locations":[{"start":{"line":44,"column":4},"end":{"line":44,"column":4}},{"start":{"line":44,"column":4},"end":{"line":44,"column":4}}]},"9":{"line":44,"type":"binary-expr","locations":[{"start":{"line":44,"column":10},"end":{"line":44,"column":28}},{"start":{"line":44,"column":32},"end":{"line":44,"column":53}}]},"10":{"line":47,"type":"if","locations":[{"start":{"line":47,"column":6},"end":{"line":47,"column":6}},{"start":{"line":47,"column":6},"end":{"line":47,"column":6}}]},"11":{"line":48,"type":"cond-expr","locations":[{"start":{"line":48,"column":51},"end":{"line":48,"column":57}},{"start":{"line":48,"column":60},"end":{"line":48,"column":73}}]},"12":{"line":50,"type":"if","locations":[{"start":{"line":50,"column":6},"end":{"line":50,"column":6}},{"start":{"line":50,"column":6},"end":{"line":50,"column":6}}]},"13":{"line":55,"type":"if","locations":[{"start":{"line":55,"column":4},"end":{"line":55,"column":4}},{"start":{"line":55,"column":4},"end":{"line":55,"column":4}}]},"14":{"line":56,"type":"cond-expr","locations":[{"start":{"line":56,"column":47},"end":{"line":56,"column":60}},{"start":{"line":56,"column":63},"end":{"line":56,"column":76}}]},"15":{"line":58,"type":"if","locations":[{"start":{"line":58,"column":4},"end":{"line":58,"column":4}},{"start":{"line":58,"column":4},"end":{"line":58,"column":4}}]},"16":{"line":65,"type":"if","locations":[{"start":{"line":65,"column":4},"end":{"line":65,"column":4}},{"start":{"line":65,"column":4},"end":{"line":65,"column":4}}]},"17":{"line":113,"type":"if","locations":[{"start":{"line":113,"column":4},"end":{"line":113,"column":4}},{"start":{"line":113,"column":4},"end":{"line":113,"column":4}}]},"18":{"line":122,"type":"if","locations":[{"start":{"line":122,"column":6},"end":{"line":122,"column":6}},{"start":{"line":122,"column":6},"end":{"line":122,"column":6}}]},"19":{"line":122,"type":"binary-expr","locations":[{"start":{"line":122,"column":11},"end":{"line":122,"column":37}},{"start":{"line":122,"column":42},"end":{"line":122,"column":58}}]},"20":{"line":130,"type":"if","locations":[{"start":{"line":130,"column":6},"end":{"line":130,"column":6}},{"start":{"line":130,"column":6},"end":{"line":130,"column":6}}]},"21":{"line":132,"type":"if","locations":[{"start":{"line":132,"column":8},"end":{"line":132,"column":8}},{"start":{"line":132,"column":8},"end":{"line":132,"column":8}}]},"22":{"line":132,"type":"cond-expr","locations":[{"start":{"line":132,"column":38},"end":{"line":132,"column":59}},{"start":{"line":132,"column":62},"end":{"line":132,"column":68}}]},"23":{"line":139,"type":"if","locations":[{"start":{"line":139,"column":4},"end":{"line":139,"column":4}},{"start":{"line":139,"column":4},"end":{"line":139,"column":4}}]},"24":{"line":147,"type":"if","locations":[{"start":{"line":147,"column":4},"end":{"line":147,"column":4}},{"start":{"line":147,"column":4},"end":{"line":147,"column":4}}]},"25":{"line":152,"type":"binary-expr","locations":[{"start":{"line":152,"column":12},"end":{"line":152,"column":28}},{"start":{"line":152,"column":33},"end":{"line":152,"column":42}}]},"26":{"line":156,"type":"if","locations":[{"start":{"line":156,"column":4},"end":{"line":156,"column":4}},{"start":{"line":156,"column":4},"end":{"line":156,"column":4}}]},"27":{"line":174,"type":"if","locations":[{"start":{"line":174,"column":4},"end":{"line":174,"column":4}},{"start":{"line":174,"column":4},"end":{"line":174,"column":4}}]},"28":{"line":181,"type":"cond-expr","locations":[{"start":{"line":181,"column":64},"end":{"line":181,"column":103}},{"start":{"line":181,"column":106},"end":{"line":181,"column":107}}]},"29":{"line":217,"type":"if","locations":[{"start":{"line":217,"column":4},"end":{"line":217,"column":4}},{"start":{"line":217,"column":4},"end":{"line":217,"column":4}}]},"30":{"line":222,"type":"if","locations":[{"start":{"line":222,"column":8},"end":{"line":222,"column":8}},{"start":{"line":222,"column":8},"end":{"line":222,"column":8}}]},"31":{"line":241,"type":"if","locations":[{"start":{"line":241,"column":6},"end":{"line":241,"column":6}},{"start":{"line":241,"column":6},"end":{"line":241,"column":6}}]},"32":{"line":293,"type":"if","locations":[{"start":{"line":293,"column":2},"end":{"line":293,"column":2}},{"start":{"line":293,"column":2},"end":{"line":293,"column":2}}]},"33":{"line":305,"type":"if","locations":[{"start":{"line":305,"column":2},"end":{"line":305,"column":2}},{"start":{"line":305,"column":2},"end":{"line":305,"column":2}}]}},"code":["(function() {","  var ERROR_ID, EventEmitter, create_callsite, current_trace_error, filename, format_location, format_method, in_prepare, limit_frames, prepareStackTrace, source_map, wrap_callback, __nextDomainTick, _addListener, _listeners, _nextTick, _on, _ref, _setImmediate, _setInterval, _setTimeout;","","  EventEmitter = require('events').EventEmitter;","","  if ((_ref = EventEmitter.prototype.on) != null ? _ref['longjohn'] : void 0) {","    return module.exports = EventEmitter.prototype.on['longjohn'];","  }","","  source_map = require('source-map-support');","","  source_map.install();","","  filename = __filename;","","  current_trace_error = null;","","  in_prepare = 0;","","  exports.empty_frame = '---------------------------------------------';","","  exports.async_trace_limit = 10;","","  format_location = function(frame) {","    var column, file, line;","    if (frame.isNative()) {","      return 'native';","    }","    if (frame.isEval()) {","      return 'eval at ' + frame.getEvalOrigin();","    }","    file = frame.getFileName();","    file = frame.getFileName() || '<anonymous>';","    line = frame.getLineNumber();","    column = frame.getColumnNumber();","    column = column != null ? ':' + column : '';","    line = line != null ? ':' + line : '';","    return file + line + column;","  };","","  format_method = function(frame) {","    var function_name, method, type;","    function_name = frame.getFunctionName();","    if (!(frame.isToplevel() || frame.isConstructor())) {","      method = frame.getMethodName();","      type = frame.getTypeName();","      if (function_name == null) {","        return \"\" + type + \".\" + (method != null ? method : '<anonymous>');","      }","      if (method === function_name) {","        return \"\" + type + \".\" + function_name;","      }","      \"\" + type + \".\" + function_name + \" [as \" + method + \"]\";","    }","    if (frame.isConstructor()) {","      return \"new \" + (function_name != null ? function_name : '<anonymous>');","    }","    if (function_name != null) {","      return function_name;","    }","    return null;","  };","","  exports.format_stack_frame = function(frame) {","    if (frame.getFileName() === exports.empty_frame) {","      return exports.empty_frame;","    }","    return '    at ' + source_map.wrapCallSite(frame);","  };","","  exports.format_stack = function(err, frames) {","    var e, lines;","    lines = [];","    try {","      lines.push(err.toString());","    } catch (_error) {","      e = _error;","      console.log('Caught error in longjohn. Please report this to matt.insler@gmail.com.');","    }","    lines.push.apply(lines, frames.map(exports.format_stack_frame));","    return lines.join('\\n');","  };","","  create_callsite = function(location) {","    return Object.create({","      getFileName: function() {","        return location;","      },","      getLineNumber: function() {","        return null;","      },","      getFunctionName: function() {","        return null;","      },","      getTypeName: function() {","        return null;","      },","      getMethodName: function() {","        return null;","      },","      getColumnNumber: function() {","        return null;","      },","      isNative: function() {","        return null;","      }","    });","  };","","  prepareStackTrace = function(error, structured_stack_trace) {","    var previous_stack, _ref1;","    ++in_prepare;","    if (error.__cached_trace__ == null) {","      Object.defineProperty(error, '__cached_trace__', {","        writable: true,","        enumerable: false,","        configurable: true,","        value: structured_stack_trace.filter(function(f) {","          return f.getFileName() !== filename;","        })","      });","      if ((error.__previous__ == null) && in_prepare === 1) {","        Object.defineProperty(error, '__previous__', {","          writable: true,","          enumerable: false,","          configurable: true,","          value: current_trace_error","        });","      }","      if (error.__previous__ != null) {","        previous_stack = prepareStackTrace(error.__previous__, error.__previous__.__stack__);","        if ((previous_stack != null ? previous_stack.length : void 0) > 0) {","          error.__cached_trace__.push(create_callsite(exports.empty_frame));","          (_ref1 = error.__cached_trace__).push.apply(_ref1, previous_stack);","        }","      }","    }","    --in_prepare;","    if (in_prepare > 0) {","      return error.__cached_trace__;","    }","    return exports.format_stack(error, error.__cached_trace__);","  };","","  limit_frames = function(stack) {","    var count, previous;","    if (exports.async_trace_limit <= 0) {","      return;","    }","    count = exports.async_trace_limit - 1;","    previous = stack;","    while ((previous != null) && count > 1) {","      previous = previous.__previous__;","      --count;","    }","    if (previous != null) {","      return delete previous.__previous__;","    }","  };","","  ERROR_ID = 1;","","  wrap_callback = function(callback, location) {","    var new_callback, orig, trace_error;","    orig = Error.prepareStackTrace;","    Error.prepareStackTrace = function(x, stack) {","      return stack;","    };","    trace_error = new Error();","    Error.captureStackTrace(trace_error, arguments.callee);","    trace_error.__stack__ = trace_error.stack;","    Error.prepareStackTrace = orig;","    trace_error.id = ERROR_ID++;","    if (trace_error.stack[1]) {","      trace_error.location = \"\" + (trace_error.stack[1].getFunctionName()) + \" (\" + (trace_error.stack[1].getFileName()) + \":\" + (trace_error.stack[1].getLineNumber()) + \")\";","    } else {","      trace_error.location = 'bad call_stack_location';","    }","    trace_error.__location__ = location;","    trace_error.__previous__ = current_trace_error;","    trace_error.__trace_count__ = current_trace_error != null ? current_trace_error.__trace_count__ + 1 : 1;","    limit_frames(trace_error);","    new_callback = function() {","      var e;","      current_trace_error = trace_error;","      trace_error = null;","      try {","        return callback.apply(this, arguments);","      } catch (_error) {","        e = _error;","        e.stack;","        throw e;","      } finally {","        current_trace_error = null;","      }","    };","    new_callback.listener = callback;","    return new_callback;","  };","","  _on = EventEmitter.prototype.on;","","  _addListener = EventEmitter.prototype.addListener;","","  _listeners = EventEmitter.prototype.listeners;","","  EventEmitter.prototype.addListener = function(event, callback) {","    var args;","    args = Array.prototype.slice.call(arguments);","    args[1] = wrap_callback(callback, 'EventEmitter.addListener');","    return _addListener.apply(this, args);","  };","","  EventEmitter.prototype.on = function(event, callback) {","    var args, g, wrap;","    args = Array.prototype.slice.call(arguments);","    if (callback.listener) {","      wrap = wrap_callback(callback.listener, 'EventEmitter.once');","      g = function() {","        var fired;","        this.removeListener(event, g);","        if (!fired) {","          fired = true;","          return wrap.apply(this, arguments);","        }","      };","      g.listener = callback.listener;","    } else {","      g = wrap_callback(callback, 'EventEmitter.on');","    }","    args[1] = g;","    return _on.apply(this, args);","  };","","  EventEmitter.prototype.listeners = function(event) {","    var l, listeners, unwrapped, _i, _len;","    listeners = _listeners.call(this, event);","    unwrapped = [];","    for (_i = 0, _len = listeners.length; _i < _len; _i++) {","      l = listeners[_i];","      if (l.listener) {","        unwrapped.push(l.listener);","      } else {","        unwrapped.push(l);","      }","    }","    return unwrapped;","  };","","  Object.defineProperty(EventEmitter.prototype.on, 'longjohn', {","    writable: true,","    enumerable: false,","    configurable: true,","    value: this","  });","","  _nextTick = process.nextTick;","","  process.nextTick = function(callback) {","    var args;","    args = Array.prototype.slice.call(arguments);","    args[0] = wrap_callback(callback, 'process.nextTick');","    return _nextTick.apply(this, args);","  };","","  __nextDomainTick = process._nextDomainTick;","","  process._nextDomainTick = function(callback) {","    var args;","    args = Array.prototype.slice.call(arguments);","    args[0] = wrap_callback(callback, 'process.nextDomainTick');","    return __nextDomainTick.apply(this, args);","  };","","  _setTimeout = global.setTimeout;","","  _setInterval = global.setInterval;","","  global.setTimeout = function(callback) {","    var args;","    args = Array.prototype.slice.call(arguments);","    args[0] = wrap_callback(callback, 'global.setTimeout');","    return _setTimeout.apply(this, args);","  };","","  global.setInterval = function(callback) {","    var args;","    args = Array.prototype.slice.call(arguments);","    args[0] = wrap_callback(callback, 'global.setInterval');","    return _setInterval.apply(this, args);","  };","","  if (global.setImmediate != null) {","    _setImmediate = global.setImmediate;","    global.setImmediate = function(callback) {","      var args;","      args = Array.prototype.slice.call(arguments);","      args[0] = wrap_callback(callback, 'global.setImmediate');","      return _setImmediate.apply(this, args);","    };","  }","","  Error.prepareStackTrace = prepareStackTrace;","","  if (process.env.NODE_ENV === 'production') {","    console.warn('NOTICE: Longjohn is known to cause CPU usage due to its extensive data collection during runtime.\\nIt generally should not be used in production applications.');","  }","","}).call(this);",""],"l":{"1":1,"2":1,"4":1,"6":1,"7":0,"10":1,"12":1,"14":1,"16":1,"18":1,"20":1,"22":1,"24":1,"25":0,"26":0,"27":0,"29":0,"30":0,"32":0,"33":0,"34":0,"35":0,"36":0,"37":0,"38":0,"41":1,"42":0,"43":0,"44":0,"45":0,"46":0,"47":0,"48":0,"50":0,"51":0,"53":0,"55":0,"56":0,"58":0,"59":0,"61":0,"64":1,"65":839,"66":8,"68":831,"71":1,"72":81,"73":81,"74":81,"75":81,"77":0,"78":0,"80":81,"81":81,"84":1,"85":6,"87":8,"90":0,"93":0,"96":0,"99":0,"102":0,"105":0,"110":1,"111":87,"112":87,"113":87,"114":85,"119":807,"122":85,"123":81,"130":85,"131":6,"132":6,"133":6,"134":6,"138":87,"139":87,"140":6,"142":81,"145":1,"146":815,"147":815,"148":0,"150":815,"151":815,"152":815,"153":1427,"154":1427,"156":815,"157":12,"161":1,"163":1,"164":815,"165":815,"166":815,"167":815,"169":815,"170":815,"171":815,"172":815,"173":815,"174":815,"175":815,"177":0,"179":815,"180":815,"181":815,"182":815,"183":815,"184":674,"185":674,"186":674,"187":674,"188":674,"190":0,"191":0,"192":0,"194":674,"197":815,"198":815,"201":1,"203":1,"205":1,"207":1,"208":0,"209":0,"210":0,"211":0,"214":1,"215":477,"216":477,"217":477,"218":151,"219":151,"220":121,"221":121,"222":121,"223":121,"224":121,"227":151,"229":326,"231":477,"232":477,"235":1,"236":0,"237":0,"238":0,"239":0,"240":0,"241":0,"242":0,"244":0,"247":0,"250":1,"257":1,"259":1,"260":338,"261":338,"262":338,"263":338,"266":1,"268":1,"269":0,"270":0,"271":0,"272":0,"275":1,"277":1,"279":1,"280":0,"281":0,"282":0,"283":0,"286":1,"287":0,"288":0,"289":0,"290":0,"293":1,"294":1,"295":1,"296":0,"297":0,"298":0,"299":0,"303":1,"305":1,"306":0}}}